<?xml version="1.0" encoding="UTF-8"?>
<api>
  <name>JUnit</name>
  <summarydescription>Unit Testing Framework for Java</summarydescription>
  <description>JUnit is a regression testing framework written by Erich Gamma and Kent Beck. It is used by the developer who implements unit tests in Java. JUnit is Open Source Software, released under the Common Public License Version 1.0 and hosted on SourceForge.</description>
  <publisher>junit.org</publisher>
  <download_url>http://www.junit.org/</download_url>
  <release_date>2002-09-03T19:00:00.000</release_date>
  <version>3.8.1</version>
  <packages>
    <package>junit.awtui</package>
    <package>junit.extensions</package>
    <package>junit.framework</package>
    <package>junit.runner</package>
    <package>junit.samples</package>
    <package>junit.samples.money</package>
    <package>junit.swingui</package>
    <package>junit.tests</package>
    <package>junit.tests.extensions</package>
    <package>junit.tests.framework</package>
    <package>junit.tests.runner</package>
    <package>junit.textui</package>
  </packages>
  <repository>
    <type>cvs</type>
    <url>:pserver:anonymous@cvs.sourceforge.net:/cvsroot/junit</url>
    <modulename>junit</modulename>
    <sourcepath></sourcepath>
  </repository>
</api>
